INFO:discord.client:logging in using static token
INFO:discord.gateway:Shard ID None has sent the IDENTIFY payload.
INFO:discord.gateway:Shard ID None has connected to Gateway: ["gateway-prd-main-3v0w",{"micros":171188,"calls":["discord-sessions-green-prd-2-86",{"micros":170570,"calls":["start_session",{"micros":161548,"calls":["api-prd-main-4zbg",{"micros":157579,"calls":["get_user",{"micros":24445},"add_authorized_ip",{"micros":18955},"get_guilds",{"micros":24089},"coros_wait",{"micros":1}]}]},"guilds_connect",{"micros":2,"calls":[]},"presence_connect",{"micros":1,"calls":[]}]}]}] (Session ID: 415a67875a43b204ebfb090cbecf0526).
INFO:root:Live
INFO:root:Received message: !stats
INFO:root:Fetching weight
INFO:root:Formatting weight
INFO:root:Embed created successfully, sending stats
INFO:root:Received message: 
INFO:root:Calling chart
INFO:root:Fetching weight
INFO:root:Formatting weight
INFO:root:Successfully saved image: charts/chart.jpeg
INFO:root:Received message: 
INFO:root:Received message: !stats
INFO:root:Fetching weight
INFO:root:Formatting weight
INFO:root:Embed created successfully, sending stats
INFO:root:Calling chart
INFO:root:Fetching weight
INFO:root:Formatting weight
INFO:root:Successfully saved image: charts/chart.jpeg
INFO:root:Received message: 
INFO:root:Received message: 
WARNING:root:Received signal - shutting down
INFO:discord.client:Cleaning up tasks.
INFO:discord.client:Cleaning up after 1 tasks.
INFO:discord.client:All tasks finished cancelling.
INFO:discord.client:Closing the event loop.
